<?xml version="1.0" encoding="UTF-8"?>
<coverage generated="1651006703232" clover="3.2.0">
  <project timestamp="1651006703232" name="All files">
    <metrics statements="20" coveredstatements="20" conditionals="15" coveredconditionals="14" methods="14" coveredmethods="14" elements="49" coveredelements="48" complexity="0" loc="20" ncloc="20" packages="2" files="4" classes="4"/>
    <package name="Heading">
      <metrics statements="17" coveredstatements="17" conditionals="14" coveredconditionals="13" methods="13" coveredmethods="13"/>
      <file name="index.tsx" path="/home/thiagobrolly/Development/Paylivre/Design-System2/design-system/paylivrekit/packages/ui-components/src/components/Heading/index.tsx">
        <metrics statements="2" coveredstatements="2" conditionals="10" coveredconditionals="10" methods="1" coveredmethods="1"/>
        <line num="18" count="1" type="stmt"/>
        <line num="32" count="11" type="stmt"/>
      </file>
      <file name="styles.ts" path="/home/thiagobrolly/Development/Paylivre/Design-System2/design-system/paylivrekit/packages/ui-components/src/components/Heading/styles.ts">
        <metrics statements="15" coveredstatements="15" conditionals="4" coveredconditionals="3" methods="12" coveredmethods="12"/>
        <line num="5" count="1" type="stmt"/>
        <line num="11" count="1" type="stmt"/>
        <line num="12" count="1" type="stmt"/>
        <line num="15" count="7" type="stmt"/>
        <line num="18" count="1" type="stmt"/>
        <line num="21" count="1" type="stmt"/>
        <line num="24" count="1" type="stmt"/>
        <line num="30" count="1" type="stmt"/>
        <line num="31" count="1" type="stmt"/>
        <line num="34" count="8" type="stmt"/>
        <line num="37" count="1" type="stmt"/>
        <line num="40" count="1" type="stmt"/>
        <line num="45" count="11" type="stmt"/>
        <line num="49" count="1" type="stmt"/>
        <line num="60" count="11" type="stmt"/>
      </file>
    </package>
    <package name="Spinner">
      <metrics statements="3" coveredstatements="3" conditionals="1" coveredconditionals="1" methods="1" coveredmethods="1"/>
      <file name="index.tsx" path="/home/thiagobrolly/Development/Paylivre/Design-System2/design-system/paylivrekit/packages/ui-components/src/components/Spinner/index.tsx">
        <metrics statements="2" coveredstatements="2" conditionals="1" coveredconditionals="1" methods="1" coveredmethods="1"/>
        <line num="8" count="1" type="cond" truecount="1" falsecount="0"/>
        <line num="9" count="1" type="stmt"/>
      </file>
      <file name="styles.ts" path="/home/thiagobrolly/Development/Paylivre/Design-System2/design-system/paylivrekit/packages/ui-components/src/components/Spinner/styles.ts">
        <metrics statements="1" coveredstatements="1" conditionals="0" coveredconditionals="0" methods="0" coveredmethods="0"/>
        <line num="4" count="1" type="stmt"/>
      </file>
    </package>
  </project>
</coverage>
