{"/home/thiagobrolly/Development/Paylivre/Design-System2/design-system/paylivrekit/packages/ui-components/src/components/Heading/index.tsx": {"path":"/home/thiagobrolly/Development/Paylivre/Design-System2/design-system/paylivrekit/packages/ui-components/src/components/Heading/index.tsx","statementMap":{"0":{"start":{"line":18,"column":47},"end":{"line":49,"column":1}},"1":{"start":{"line":32,"column":2},"end":{"line":48,"column":4}}},"fnMap":{"0":{"name":"(anonymous_0)","decl":{"start":{"line":18,"column":47},"end":{"line":18,"column":48}},"loc":{"start":{"line":31,"column":6},"end":{"line":49,"column":1}},"line":31}},"branchMap":{"0":{"loc":{"start":{"line":20,"column":2},"end":{"line":20,"column":11}},"type":"default-arg","locations":[{"start":{"line":20,"column":7},"end":{"line":20,"column":11}}],"line":20},"1":{"loc":{"start":{"line":21,"column":2},"end":{"line":21,"column":17}},"type":"default-arg","locations":[{"start":{"line":21,"column":9},"end":{"line":21,"column":17}}],"line":21},"2":{"loc":{"start":{"line":22,"column":2},"end":{"line":22,"column":19}},"type":"default-arg","locations":[{"start":{"line":22,"column":14},"end":{"line":22,"column":19}}],"line":22},"3":{"loc":{"start":{"line":23,"column":2},"end":{"line":23,"column":14}},"type":"default-arg","locations":[{"start":{"line":23,"column":9},"end":{"line":23,"column":14}}],"line":23},"4":{"loc":{"start":{"line":24,"column":2},"end":{"line":24,"column":16}},"type":"default-arg","locations":[{"start":{"line":24,"column":10},"end":{"line":24,"column":16}}],"line":24},"5":{"loc":{"start":{"line":25,"column":2},"end":{"line":25,"column":13}},"type":"default-arg","locations":[{"start":{"line":25,"column":11},"end":{"line":25,"column":13}}],"line":25},"6":{"loc":{"start":{"line":26,"column":2},"end":{"line":26,"column":16}},"type":"default-arg","locations":[{"start":{"line":26,"column":14},"end":{"line":26,"column":16}}],"line":26},"7":{"loc":{"start":{"line":27,"column":2},"end":{"line":27,"column":19}},"type":"default-arg","locations":[{"start":{"line":27,"column":17},"end":{"line":27,"column":19}}],"line":27},"8":{"loc":{"start":{"line":28,"column":2},"end":{"line":28,"column":17}},"type":"default-arg","locations":[{"start":{"line":28,"column":15},"end":{"line":28,"column":17}}],"line":28},"9":{"loc":{"start":{"line":29,"column":2},"end":{"line":29,"column":18}},"type":"default-arg","locations":[{"start":{"line":29,"column":16},"end":{"line":29,"column":18}}],"line":29}},"s":{"0":1,"1":11},"f":{"0":11},"b":{"0":[11],"1":[7],"2":[10],"3":[11],"4":[7],"5":[11],"6":[11],"7":[11],"8":[11],"9":[11]},"_coverageSchema":"1a1c01bbd47fc00a2c39e90264f33305004495a9","hash":"58cf26f90450e66baa5e9a80724315c65a05432f"}
,"/home/thiagobrolly/Development/Paylivre/Design-System2/design-system/paylivrekit/packages/ui-components/src/components/Heading/styles.ts": {"path":"/home/thiagobrolly/Development/Paylivre/Design-System2/design-system/paylivrekit/packages/ui-components/src/components/Heading/styles.ts","statementMap":{"0":{"start":{"line":5,"column":18},"end":{"line":9,"column":1}},"1":{"start":{"line":5,"column":24},"end":{"line":9,"column":1}},"2":{"start":{"line":11,"column":18},"end":{"line":28,"column":1}},"3":{"start":{"line":12,"column":15},"end":{"line":14,"column":3}},"4":{"start":{"line":15,"column":16},"end":{"line":17,"column":3}},"5":{"start":{"line":18,"column":15},"end":{"line":20,"column":3}},"6":{"start":{"line":21,"column":16},"end":{"line":23,"column":3}},"7":{"start":{"line":24,"column":13},"end":{"line":27,"column":3}},"8":{"start":{"line":30,"column":19},"end":{"line":43,"column":1}},"9":{"start":{"line":31,"column":15},"end":{"line":33,"column":3}},"10":{"start":{"line":34,"column":14},"end":{"line":36,"column":3}},"11":{"start":{"line":37,"column":15},"end":{"line":39,"column":3}},"12":{"start":{"line":40,"column":19},"end":{"line":42,"column":3}},"13":{"start":{"line":45,"column":18},"end":{"line":47,"column":1}},"14":{"start":{"line":45,"column":42},"end":{"line":47,"column":1}},"15":{"start":{"line":49,"column":21},"end":{"line":73,"column":1}},"16":{"start":{"line":60,"column":8},"end":{"line":72,"column":3}}},"fnMap":{"0":{"name":"(anonymous_0)","decl":{"start":{"line":5,"column":18},"end":{"line":5,"column":19}},"loc":{"start":{"line":5,"column":24},"end":{"line":9,"column":1}},"line":5},"1":{"name":"(anonymous_1)","decl":{"start":{"line":12,"column":9},"end":{"line":12,"column":10}},"loc":{"start":{"line":12,"column":15},"end":{"line":14,"column":3}},"line":12},"2":{"name":"(anonymous_2)","decl":{"start":{"line":15,"column":10},"end":{"line":15,"column":11}},"loc":{"start":{"line":15,"column":16},"end":{"line":17,"column":3}},"line":15},"3":{"name":"(anonymous_3)","decl":{"start":{"line":18,"column":9},"end":{"line":18,"column":10}},"loc":{"start":{"line":18,"column":15},"end":{"line":20,"column":3}},"line":18},"4":{"name":"(anonymous_4)","decl":{"start":{"line":21,"column":10},"end":{"line":21,"column":11}},"loc":{"start":{"line":21,"column":16},"end":{"line":23,"column":3}},"line":21},"5":{"name":"(anonymous_5)","decl":{"start":{"line":24,"column":7},"end":{"line":24,"column":8}},"loc":{"start":{"line":24,"column":13},"end":{"line":27,"column":3}},"line":24},"6":{"name":"(anonymous_6)","decl":{"start":{"line":31,"column":9},"end":{"line":31,"column":10}},"loc":{"start":{"line":31,"column":15},"end":{"line":33,"column":3}},"line":31},"7":{"name":"(anonymous_7)","decl":{"start":{"line":34,"column":8},"end":{"line":34,"column":9}},"loc":{"start":{"line":34,"column":14},"end":{"line":36,"column":3}},"line":34},"8":{"name":"(anonymous_8)","decl":{"start":{"line":37,"column":9},"end":{"line":37,"column":10}},"loc":{"start":{"line":37,"column":15},"end":{"line":39,"column":3}},"line":37},"9":{"name":"(anonymous_9)","decl":{"start":{"line":40,"column":13},"end":{"line":40,"column":14}},"loc":{"start":{"line":40,"column":19},"end":{"line":42,"column":3}},"line":40},"10":{"name":"(anonymous_10)","decl":{"start":{"line":45,"column":18},"end":{"line":45,"column":19}},"loc":{"start":{"line":45,"column":42},"end":{"line":47,"column":1}},"line":45},"11":{"name":"(anonymous_11)","decl":{"start":{"line":50,"column":4},"end":{"line":50,"column":5}},"loc":{"start":{"line":60,"column":8},"end":{"line":72,"column":3}},"line":60}},"branchMap":{"0":{"loc":{"start":{"line":46,"column":20},"end":{"line":46,"column":52}},"type":"cond-expr","locations":[{"start":{"line":46,"column":32},"end":{"line":46,"column":43}},{"start":{"line":46,"column":46},"end":{"line":46,"column":52}}],"line":46},"1":{"loc":{"start":{"line":61,"column":19},"end":{"line":63,"column":33}},"type":"cond-expr","locations":[{"start":{"line":62,"column":8},"end":{"line":62,"column":37}},{"start":{"line":63,"column":8},"end":{"line":63,"column":33}}],"line":61}},"s":{"0":1,"1":1,"2":1,"3":1,"4":7,"5":1,"6":1,"7":1,"8":1,"9":1,"10":8,"11":1,"12":1,"13":1,"14":11,"15":1,"16":11},"f":{"0":1,"1":1,"2":7,"3":1,"4":1,"5":1,"6":1,"7":8,"8":1,"9":1,"10":11,"11":11},"b":{"0":[1,10],"1":[0,11]},"_coverageSchema":"1a1c01bbd47fc00a2c39e90264f33305004495a9","hash":"f4af6f2cd30b08485f6e6177b4406421cc9f4114"}
,"/home/thiagobrolly/Development/Paylivre/Design-System2/design-system/paylivrekit/packages/ui-components/src/components/Spinner/index.tsx": {"path":"/home/thiagobrolly/Development/Paylivre/Design-System2/design-system/paylivrekit/packages/ui-components/src/components/Spinner/index.tsx","statementMap":{"0":{"start":{"line":8,"column":23},"end":{"line":33,"column":1}},"1":{"start":{"line":9,"column":2},"end":{"line":32,"column":14}}},"fnMap":{"0":{"name":"(anonymous_0)","decl":{"start":{"line":8,"column":23},"end":{"line":8,"column":24}},"loc":{"start":{"line":9,"column":2},"end":{"line":32,"column":14}},"line":9}},"branchMap":{"0":{"loc":{"start":{"line":8,"column":26},"end":{"line":8,"column":35}},"type":"default-arg","locations":[{"start":{"line":8,"column":33},"end":{"line":8,"column":35}}],"line":8}},"s":{"0":1,"1":1},"f":{"0":1},"b":{"0":[1]},"_coverageSchema":"1a1c01bbd47fc00a2c39e90264f33305004495a9","hash":"b89f64125a2ca0b9ea8cebe75152cd07ddf24af7"}
,"/home/thiagobrolly/Development/Paylivre/Design-System2/design-system/paylivrekit/packages/ui-components/src/components/Spinner/styles.ts": {"path":"/home/thiagobrolly/Development/Paylivre/Design-System2/design-system/paylivrekit/packages/ui-components/src/components/Spinner/styles.ts","statementMap":{"0":{"start":{"line":4,"column":23},"end":{"line":8,"column":1}}},"fnMap":{},"branchMap":{},"s":{"0":1},"f":{},"b":{},"_coverageSchema":"1a1c01bbd47fc00a2c39e90264f33305004495a9","hash":"c13b45d4076167d80867e4a3756eba28b8b3632a"}
}
