TN:
SF:packages/ui-components/src/components/Heading/index.tsx
FN:18,(anonymous_0)
FNF:1
FNH:1
FNDA:11,(anonymous_0)
DA:18,1
DA:32,11
LF:2
LH:2
BRDA:20,0,0,11
BRDA:21,1,0,7
BRDA:22,2,0,10
BRDA:23,3,0,11
BRDA:24,4,0,7
BRDA:25,5,0,11
BRDA:26,6,0,11
BRDA:27,7,0,11
BRDA:28,8,0,11
BRDA:29,9,0,11
BRF:10
BRH:10
end_of_record
TN:
SF:packages/ui-components/src/components/Heading/styles.ts
FN:5,(anonymous_0)
FN:12,(anonymous_1)
FN:15,(anonymous_2)
FN:18,(anonymous_3)
FN:21,(anonymous_4)
FN:24,(anonymous_5)
FN:31,(anonymous_6)
FN:34,(anonymous_7)
FN:37,(anonymous_8)
FN:40,(anonymous_9)
FN:45,(anonymous_10)
FN:50,(anonymous_11)
FNF:12
FNH:12
FNDA:1,(anonymous_0)
FNDA:1,(anonymous_1)
FNDA:7,(anonymous_2)
FNDA:1,(anonymous_3)
FNDA:1,(anonymous_4)
FNDA:1,(anonymous_5)
FNDA:1,(anonymous_6)
FNDA:8,(anonymous_7)
FNDA:1,(anonymous_8)
FNDA:1,(anonymous_9)
FNDA:11,(anonymous_10)
FNDA:11,(anonymous_11)
DA:5,1
DA:11,1
DA:12,1
DA:15,7
DA:18,1
DA:21,1
DA:24,1
DA:30,1
DA:31,1
DA:34,8
DA:37,1
DA:40,1
DA:45,11
DA:49,1
DA:60,11
LF:15
LH:15
BRDA:46,0,0,1
BRDA:46,0,1,10
BRDA:61,1,0,0
BRDA:61,1,1,11
BRF:4
BRH:3
end_of_record
TN:
SF:packages/ui-components/src/components/Spinner/index.tsx
FN:8,(anonymous_0)
FNF:1
FNH:1
FNDA:1,(anonymous_0)
DA:8,1
DA:9,1
LF:2
LH:2
BRDA:8,0,0,1
BRF:1
BRH:1
end_of_record
TN:
SF:packages/ui-components/src/components/Spinner/styles.ts
FNF:0
FNH:0
DA:4,1
LF:1
LH:1
BRF:0
BRH:0
end_of_record
